<?xml version="1.0" encoding="UTF-8"?>
<!-- Generated by org.testng.reporters.JUnitReportReporter -->
<testsuite hostname="Husain" failures="0" tests="5" name="datePicker.DataDriven_newTourTest_good" time="5.143" errors="0" timestamp="2023-11-19T21:58:50 EST" skipped="0">
  <testcase classname="datePicker.DataDriven_newTourTest_good" name="newTourDataDrivenTest" time="0.963"/>
  <testcase classname="datePicker.DataDriven_newTourTest_good" name="newTourDataDrivenTest" time="0.915"/>
  <testcase classname="datePicker.DataDriven_newTourTest_good" name="newTourDataDrivenTest" time="1.204"/>
  <testcase classname="datePicker.DataDriven_newTourTest_good" name="newTourDataDrivenTest" time="0.966"/>
  <testcase classname="datePicker.DataDriven_newTourTest_good" name="newTourDataDrivenTest" time="1.095"/>
</testsuite> <!-- datePicker.DataDriven_newTourTest_good -->
