<?xml version="1.0" encoding="UTF-8"?>
<!-- Generated by org.testng.reporters.JUnitReportReporter -->
<testsuite hostname="Husain" failures="0" tests="1" name="amazon.Test_CheckBox" time="0.246" errors="0" timestamp="2023-11-19T21:58:50 EST" skipped="0">
  <testcase classname="amazon.Test_CheckBox" name="testCheckBox" time="0.246"/>
</testsuite> <!-- amazon.Test_CheckBox -->
