<?xml version="1.0" encoding="UTF-8"?>
<!-- Generated by org.testng.reporters.JUnitReportReporter -->
<testsuite hostname="Husain" failures="0" tests="5" name="datePicker.DataDriven_newTourTest" time="6.620" errors="0" timestamp="2023-11-19T12:26:23 EST" skipped="0">
  <testcase classname="datePicker.DataDriven_newTourTest" name="newTourDataDrivenTest" time="1.543"/>
  <testcase classname="datePicker.DataDriven_newTourTest" name="newTourDataDrivenTest" time="1.458"/>
  <testcase classname="datePicker.DataDriven_newTourTest" name="newTourDataDrivenTest" time="1.272"/>
  <testcase classname="datePicker.DataDriven_newTourTest" name="newTourDataDrivenTest" time="1.264"/>
  <testcase classname="datePicker.DataDriven_newTourTest" name="newTourDataDrivenTest" time="1.083"/>
</testsuite> <!-- datePicker.DataDriven_newTourTest -->
