<?xml version="1.0" encoding="UTF-8"?>
<!-- Generated by org.testng.reporters.JUnitReportReporter -->
<testsuite hostname="Husain" failures="0" tests="1" name="datePicker.Expedia_DatePIcker_Test" time="1.186" errors="0" timestamp="2023-11-18T22:28:16 EST" skipped="0">
  <testcase classname="datePicker.Expedia_DatePIcker_Test" name="datePickerTest" time="1.186"/>
</testsuite> <!-- datePicker.Expedia_DatePIcker_Test -->
