<?xml version="1.0" encoding="UTF-8"?>
<!-- Generated by org.testng.reporters.JUnitReportReporter -->
<testsuite hostname="Husain" failures="0" tests="5" name="datePicker.DataDriven_newTourTest_good" time="5.564" errors="0" timestamp="2023-11-19T22:05:07 EST" skipped="0">
  <testcase classname="datePicker.DataDriven_newTourTest_good" name="newTourDataDrivenTest" time="1.196"/>
  <testcase classname="datePicker.DataDriven_newTourTest_good" name="newTourDataDrivenTest" time="1.028"/>
  <testcase classname="datePicker.DataDriven_newTourTest_good" name="newTourDataDrivenTest" time="1.006"/>
  <testcase classname="datePicker.DataDriven_newTourTest_good" name="newTourDataDrivenTest" time="1.076"/>
  <testcase classname="datePicker.DataDriven_newTourTest_good" name="newTourDataDrivenTest" time="1.258"/>
</testsuite> <!-- datePicker.DataDriven_newTourTest_good -->
