<?xml version="1.0" encoding="UTF-8"?>
<!-- Generated by org.testng.reporters.JUnitReportReporter -->
<testsuite hostname="Husain" failures="0" tests="1" name="datePicker.Expedia_DatePIcker_TestGood" time="2.403" errors="0" timestamp="2023-11-19T22:05:07 EST" skipped="0">
  <testcase classname="datePicker.Expedia_DatePIcker_TestGood" name="datePickerTest" time="2.403"/>
</testsuite> <!-- datePicker.Expedia_DatePIcker_TestGood -->
